\BOOKMARK [1][-]{section.1}{\376\377\000D\000\351\000f\000i\000n\000i\000t\000i\000o\000n\000\040\000d\000u\000\040\000P\000r\000o\000j\000e\000t}{}% 1
\BOOKMARK [1][-]{section.2}{\376\377\000M\000o\000d\000\351\000l\000i\000s\000a\000t\000i\000o\000n\000\040\000d\000e\000\040\000l\000a\000\040\000B\000a\000s\000e\000\040\000d\000e\000\040\000D\000o\000n\000n\000\351\000e\000s}{}% 2
\BOOKMARK [1][-]{section.3}{\376\377\000M\000o\000d\000\351\000l\000i\000s\000a\000t\000i\000o\000n\000s\000\040\000d\000u\000\040\000M\000e\000s\000s\000a\000g\000e\000\040\0001}{}% 3
\BOOKMARK [2][-]{subsection.3.1}{\376\377\000I\000n\000t\000i\000t\000u\000l\000\351\000\040\000d\000u\000\040\000M\000e\000s\000s\000a\000g\000e}{section.3}% 4
\BOOKMARK [3][-]{subsubsection.3.1.1}{\376\377\000R\000e\000q\000u\000\352\000t\000e}{subsection.3.1}% 5
\BOOKMARK [3][-]{subsubsection.3.1.2}{\376\377\000R\000\351\000p\000o\000n\000s\000e}{subsection.3.1}% 6
\BOOKMARK [2][-]{subsection.3.2}{\376\377\000V\000e\000r\000s\000i\000o\000n\000\040\000J\000S\000O\000N}{section.3}% 7
\BOOKMARK [3][-]{subsubsection.3.2.1}{\376\377\000J\000S\000O\000N\000\040\000S\000c\000h\000\351\000m\000a}{subsection.3.2}% 8
\BOOKMARK [3][-]{subsubsection.3.2.2}{\376\377\000J\000S\000O\000N}{subsection.3.2}% 9
\BOOKMARK [2][-]{subsection.3.3}{\376\377\000V\000e\000r\000s\000i\000o\000n\000\040\000X\000M\000L}{section.3}% 10
\BOOKMARK [3][-]{subsubsection.3.3.1}{\376\377\000D\000T\000D}{subsection.3.3}% 11
\BOOKMARK [3][-]{subsubsection.3.3.2}{\376\377\000X\000S\000D}{subsection.3.3}% 12
\BOOKMARK [3][-]{subsubsection.3.3.3}{\376\377\000X\000M\000L}{subsection.3.3}% 13
\BOOKMARK [1][-]{section.4}{\376\377\000M\000o\000d\000\351\000l\000i\000s\000a\000t\000i\000o\000n\000s\000\040\000d\000u\000\040\000M\000e\000s\000s\000a\000g\000e\000\040\0002}{}% 14
\BOOKMARK [2][-]{subsection.4.1}{\376\377\000I\000n\000t\000i\000t\000u\000l\000\351\000\040\000d\000u\000\040\000M\000e\000s\000s\000a\000g\000e}{section.4}% 15
\BOOKMARK [3][-]{subsubsection.4.1.1}{\376\377\000R\000e\000q\000u\000\352\000t\000e}{subsection.4.1}% 16
\BOOKMARK [3][-]{subsubsection.4.1.2}{\376\377\000R\000\351\000p\000o\000n\000s\000e}{subsection.4.1}% 17
\BOOKMARK [2][-]{subsection.4.2}{\376\377\000V\000e\000r\000s\000i\000o\000n\000\040\000J\000S\000O\000N}{section.4}% 18
\BOOKMARK [3][-]{subsubsection.4.2.1}{\376\377\000J\000S\000O\000N\000\040\000S\000c\000h\000\351\000m\000a}{subsection.4.2}% 19
\BOOKMARK [3][-]{subsubsection.4.2.2}{\376\377\000J\000S\000O\000N}{subsection.4.2}% 20
\BOOKMARK [2][-]{subsection.4.3}{\376\377\000V\000e\000r\000s\000i\000o\000n\000\040\000X\000M\000L}{section.4}% 21
\BOOKMARK [3][-]{subsubsection.4.3.1}{\376\377\000D\000T\000D}{subsection.4.3}% 22
\BOOKMARK [3][-]{subsubsection.4.3.2}{\376\377\000X\000S\000D}{subsection.4.3}% 23
\BOOKMARK [3][-]{subsubsection.4.3.3}{\376\377\000X\000M\000L}{subsection.4.3}% 24
\BOOKMARK [1][-]{section.5}{\376\377\000C\000h\000o\000i\000x\000\040\000d\000e\000s\000\040\000T\000e\000c\000h\000n\000o\000l\000o\000g\000i\000e\000s}{}% 25
\BOOKMARK [1][-]{section.6}{\376\377\000T\000\342\000c\000h\000e\000s\000\040\000e\000t\000\040\000r\000\351\000p\000a\000r\000t\000i\000t\000i\000o\000n}{}% 26
\BOOKMARK [2][-]{subsection.6.1}{\376\377\000A\000n\000a\000l\000y\000s\000e\000\040\000d\000e\000\040\000F\000i\000c\000h\000i\000e\000r\000s}{section.6}% 27
\BOOKMARK [2][-]{subsection.6.2}{\376\377\000C\000o\000m\000m\000u\000n\000i\000c\000a\000t\000i\000o\000n\000\040\000d\000e\000\040\000l\000a\000\040\000B\000a\000s\000e\000\040\000d\000e\000\040\000D\000o\000n\000n\000\351\000e\000s}{section.6}% 28
\BOOKMARK [2][-]{subsection.6.3}{\376\377\000G\000\351\000n\000\351\000r\000a\000t\000i\000o\000n\000\040\000d\000e\000s\000\040\000r\000e\000q\000u\000\352\000t\000e\000s\000\040\000d\000e\000p\000u\000i\000s\000\040\000l\000'\000a\000p\000p\000l\000i\000c\000a\000t\000i\000o\000n\000\040\000m\000\351\000t\000i\000e\000r}{section.6}% 29
\BOOKMARK [2][-]{subsection.6.4}{\376\377\000R\000\351\000c\000e\000p\000t\000i\000o\000n\000\040\000d\000e\000s\000\040\000R\000\351\000p\000o\000n\000s\000e\000s\000\040\000e\000t\000\040\000A\000f\000f\000i\000c\000h\000a\000g\000e\000\040\000c\000o\000t\000\351\000\040\000A\000p\000p\000l\000i\000c\000a\000t\000i\000o\000n\000\040\000M\000\351\000t\000i\000e\000r}{section.6}% 30
